<?xml version="1.0" encoding="UTF-8" ?>
<testsuite errors="0" failures="0" hostname="Merkle-MBP17Al.local" name="edu.gmu.swe437.continuous_integration.DemoClassTest" tests="1" time="0.237" timestamp="2013-02-07T03:49:36">
  <properties>
    <property name="java.vendor" value="Oracle Corporation" />
    <property name="sun.java.launcher" value="SUN_STANDARD" />
    <property name="eclipse.pdebuild.templates" value="/Applications/eclipse-jee-juno/plugins/org.eclipse.pde.build_3.8.1.v20120725-202643/templates//" />
    <property name="sun.management.compiler" value="HotSpot 64-Bit Tiered Compilers" />
    <property name="dist" value="/Users/merkle/git/DemoProject/DemoProject/dist" />
    <property name="os.name" value="Mac OS X" />
    <property name="sun.boot.class.path" value="/Library/Java/JavaVirtualMachines/jdk1.7.0_13.jdk/Contents/Home/jre/lib/resources.jar:/Library/Java/JavaVirtualMachines/jdk1.7.0_13.jdk/Contents/Home/jre/lib/rt.jar:/Library/Java/JavaVirtualMachines/jdk1.7.0_13.jdk/Contents/Home/jre/lib/sunrsasign.jar:/Library/Java/JavaVirtualMachines/jdk1.7.0_13.jdk/Contents/Home/jre/lib/jsse.jar:/Library/Java/JavaVirtualMachines/jdk1.7.0_13.jdk/Contents/Home/jre/lib/jce.jar:/Library/Java/JavaVirtualMachines/jdk1.7.0_13.jdk/Contents/Home/jre/lib/charsets.jar:/Library/Java/JavaVirtualMachines/jdk1.7.0_13.jdk/Contents/Home/jre/lib/jfr.jar:/Library/Java/JavaVirtualMachines/jdk1.7.0_13.jdk/Contents/Home/jre/lib/JObjC.jar:/Library/Java/JavaVirtualMachines/jdk1.7.0_13.jdk/Contents/Home/jre/classes" />
    <property name="java.vm.specification.vendor" value="Oracle Corporation" />
    <property name="ant.home" value="/Applications/eclipse-jee-juno/plugins/org.apache.ant_1.8.3.v20120321-1730" />
    <property name="java.runtime.version" value="1.7.0_13-b20" />
    <property name="ant.file.JenkinsTest" value="/Users/merkle/git/DemoProject/DemoProject/build.xml" />
    <property name="user.name" value="merkle" />
    <property name="reports" value="/Users/merkle/git/DemoProject/DemoProject/reports" />
    <property name="user.language" value="en" />
    <property name="build" value="/Users/merkle/git/DemoProject/DemoProject/build" />
    <property name="sun.boot.library.path" value="/Library/Java/JavaVirtualMachines/jdk1.7.0_13.jdk/Contents/Home/jre/lib" />
    <property name="ant.project.default-target" value="dist" />
    <property name="ant.project.name" value="JenkinsTest" />
    <property name="java.version" value="1.7.0_13" />
    <property name="user.timezone" value="" />
    <property name="sun.arch.data.model" value="64" />
    <property name="http.nonProxyHosts" value="local|*.local|169.254/16|*.169.254/16" />
    <property name="java.endorsed.dirs" value="/Library/Java/JavaVirtualMachines/jdk1.7.0_13.jdk/Contents/Home/jre/lib/endorsed" />
    <property name="sun.cpu.isalist" value="" />
    <property name="sun.jnu.encoding" value="US-ASCII" />
    <property name="file.encoding.pkg" value="sun.io" />
    <property name="file.separator" value="/" />
    <property name="java.specification.name" value="Java Platform API Specification" />
    <property name="ant.file.type.JenkinsTest" value="file" />
    <property name="java.class.version" value="51.0" />
    <property name="src" value="/Users/merkle/git/DemoProject/DemoProject/src" />
    <property name="user.country" value="US" />
    <property name="java.home" value="/Library/Java/JavaVirtualMachines/jdk1.7.0_13.jdk/Contents/Home/jre" />
    <property name="java.vm.info" value="mixed mode" />
    <property name="ant.file" value="/Users/merkle/git/DemoProject/DemoProject/build.xml" />
    <property name="os.version" value="10.7.5" />
    <property name="path.separator" value=":" />
    <property name="java.vm.version" value="23.7-b01" />
    <property name="ant.library.dir" value="/Applications/eclipse-jee-juno/plugins/org.apache.ant_1.8.3.v20120321-1730/lib" />
    <property name="java.awt.printerjob" value="sun.lwawt.macosx.CPrinterJob" />
    <property name="sun.io.unicode.encoding" value="UnicodeBig" />
    <property name="awt.toolkit" value="sun.lwawt.macosx.LWCToolkit" />
    <property name="socksNonProxyHosts" value="local|*.local|169.254/16|*.169.254/16" />
    <property name="ftp.nonProxyHosts" value="local|*.local|169.254/16|*.169.254/16" />
    <property name="eclipse.pdebuild.scripts" value="/Applications/eclipse-jee-juno/plugins/org.eclipse.pde.build_3.8.1.v20120725-202643/scripts//" />
    <property name="user.home" value="/Users/merkle" />
    <property name="java.specification.vendor" value="Oracle Corporation" />
    <property name="java.library.path" value="/Users/merkle/Library/Java/Extensions:/Library/Java/Extensions:/Network/Library/Java/Extensions:/System/Library/Java/Extensions:/usr/lib/java:." />
    <property name="java.vendor.url" value="http://java.oracle.com/" />
    <property name="java.vm.vendor" value="Oracle Corporation" />
    <property name="gopherProxySet" value="false" />
    <property name="java.runtime.name" value="Java(TM) SE Runtime Environment" />
    <property name="sun.java.command" value="org.apache.tools.ant.taskdefs.optional.junit.JUnitTestRunner edu.gmu.swe437.continuous_integration.DemoClassTest filtertrace=true haltOnError=false haltOnFailure=true formatter=org.apache.tools.ant.taskdefs.optional.junit.SummaryJUnitResultFormatter showoutput=false outputtoformatters=true logfailedtests=true logtestlistenerevents=false formatter=org.apache.tools.ant.taskdefs.optional.junit.XMLJUnitResultFormatter,/Users/merkle/git/DemoProject/DemoProject/reports/TEST-edu.gmu.swe437.continuous_integration.DemoClassTest.xml crashfile=/Users/merkle/git/DemoProject/DemoProject/junitvmwatcher8645323565594770709.properties propsfile=/Users/merkle/git/DemoProject/DemoProject/junit6127609776072632690.properties" />
    <property name="java.class.path" value="/Users/merkle/git/DemoProject/DemoProject/build:/usr/share/java/junit.jar:/Applications/eclipse-jee-juno/plugins/org.apache.ant_1.8.3.v20120321-1730/lib/ant-launcher.jar:/Applications/eclipse-jee-juno/plugins/org.apache.ant_1.8.3.v20120321-1730/lib/ant.jar:/Applications/eclipse-jee-juno/plugins/org.apache.ant_1.8.3.v20120321-1730/lib/ant-junit.jar:/Applications/eclipse-jee-juno/plugins/org.apache.ant_1.8.3.v20120321-1730/lib/ant-junit4.jar" />
    <property name="ant.version" value="Apache Ant(TM) version 1.8.3 compiled on February 26 2012" />
    <property name="java.vm.specification.name" value="Java Virtual Machine Specification" />
    <property name="java.vm.specification.version" value="1.7" />
    <property name="sun.cpu.endian" value="little" />
    <property name="sun.os.patch.level" value="unknown" />
    <property name="eclipse.pdebuild.home" value="/Applications/eclipse-jee-juno/plugins/org.eclipse.pde.build_3.8.1.v20120725-202643/.//" />
    <property name="java.io.tmpdir" value="/var/folders/pb/6v16qkm16xnbk3tsh1n68zqr0000gp/T/" />
    <property name="java.vendor.url.bug" value="http://bugreport.sun.com/bugreport/" />
    <property name="os.arch" value="x86_64" />
    <property name="java.awt.graphicsenv" value="sun.awt.CGraphicsEnvironment" />
    <property name="java.ext.dirs" value="/Users/merkle/Library/Java/Extensions:/Library/Java/JavaVirtualMachines/jdk1.7.0_13.jdk/Contents/Home/jre/lib/ext:/Library/Java/Extensions:/Network/Library/Java/Extensions:/System/Library/Java/Extensions:/usr/lib/java" />
    <property name="user.dir" value="/Users/merkle/git/DemoProject/DemoProject" />
    <property name="line.separator" value="&#xa;" />
    <property name="java.vm.name" value="Java HotSpot(TM) 64-Bit Server VM" />
    <property name="basedir" value="/Users/merkle/git/DemoProject/DemoProject" />
    <property name="ant.java.version" value="1.7" />
    <property name="ant.core.lib" value="/Applications/eclipse-jee-juno/plugins/org.apache.ant_1.8.3.v20120321-1730/lib/ant.jar" />
    <property name="file.encoding" value="US-ASCII" />
    <property name="java.specification.version" value="1.7" />
  </properties>
  <testcase classname="edu.gmu.swe437.continuous_integration.DemoClassTest" name="test" time="0.003" />
  <system-out><![CDATA[]]></system-out>
  <system-err><![CDATA[]]></system-err>
</testsuite>
